<?xml version="1.0" encoding="UTF-8"?>
<testng-results ignored="0" total="1" passed="1" failed="0" skipped="0">
  <reporter-output>
  </reporter-output>
  <suite started-at="2024-12-29T16:41:36 IST" name="Default suite" finished-at="2024-12-29T16:41:51 IST" duration-ms="14766">
    <groups>
    </groups>
    <test started-at="2024-12-29T16:41:36 IST" name="Default test" finished-at="2024-12-29T16:41:51 IST" duration-ms="14766">
      <class name="com.MyTests.LoginScenario2">
        <test-method is-config="true" signature="beforeTest()[pri:0, instance:com.MyTests.LoginScenario2@131ef10]" started-at="2024-12-29T16:41:36 IST" name="beforeTest" finished-at="2024-12-29T16:41:44 IST" duration-ms="8181" status="PASS">
          <reporter-output>
          </reporter-output>
        </test-method> <!-- beforeTest -->
        <test-method is-config="true" signature="beforeMethod()[pri:0, instance:com.MyTests.LoginScenario2@131ef10]" started-at="2024-12-29T16:41:44 IST" name="beforeMethod" finished-at="2024-12-29T16:41:44 IST" duration-ms="1" status="PASS">
          <reporter-output>
          </reporter-output>
        </test-method> <!-- beforeMethod -->
        <test-method signature="login1()[pri:0, instance:com.MyTests.LoginScenario2@131ef10]" started-at="2024-12-29T16:41:44 IST" name="login1" finished-at="2024-12-29T16:41:51 IST" duration-ms="6538" status="PASS">
          <reporter-output>
          </reporter-output>
        </test-method> <!-- login1 -->
      </class> <!-- com.MyTests.LoginScenario2 -->
    </test> <!-- Default test -->
  </suite> <!-- Default suite -->
</testng-results>
