<?xml version="1.0" encoding="UTF-8"?>
<!-- Generated by org.testng.reporters.JUnitXMLReporter -->
<testsuite ignored="0" hostname="VedantSingh" failures="0" tests="10" name="Default test" time="15.315" errors="0" timestamp="2024-12-29T15:37:58 IST">
  <testcase classname="com.TelecomProject.TelecomDomainAPI" name="addNewUser" time="3.308"/>
  <testcase classname="com.TelecomProject.TelecomDomainAPI" name="getProfile" time="1.173"/>
  <testcase classname="com.TelecomProject.TelecomDomainAPI" name="updateUser" time="1.302"/>
  <testcase classname="com.TelecomProject.TelecomDomainAPI" name="loginUser" time="1.341"/>
  <testcase classname="com.TelecomProject.TelecomDomainAPI" name="addContact" time="1.184"/>
  <testcase classname="com.TelecomProject.TelecomDomainAPI" name="getContactList" time="1.148"/>
  <testcase classname="com.TelecomProject.TelecomDomainAPI" name="getContact" time="1.579"/>
  <testcase classname="com.TelecomProject.TelecomDomainAPI" name="updateContact" time="1.287"/>
  <testcase classname="com.TelecomProject.TelecomDomainAPI" name="updateContactpatch" time="1.216"/>
  <testcase classname="com.TelecomProject.TelecomDomainAPI" name="logoutUser" time="1.152"/>
</testsuite> <!-- Default test -->
