<?xml version="1.0" encoding="UTF-8"?>
<testng-results ignored="0" total="10" passed="10" failed="0" skipped="0">
  <reporter-output>
  </reporter-output>
  <suite started-at="2024-12-29T15:37:43 IST" name="Default suite" finished-at="2024-12-29T15:37:58 IST" duration-ms="15315">
    <groups>
    </groups>
    <test started-at="2024-12-29T15:37:43 IST" name="Default test" finished-at="2024-12-29T15:37:58 IST" duration-ms="15315">
      <class name="com.TelecomProject.TelecomDomainAPI">
        <test-method is-config="true" signature="beforeTest()[pri:0, instance:com.TelecomProject.TelecomDomainAPI@34e9fd99]" started-at="2024-12-29T15:37:43 IST" name="beforeTest" finished-at="2024-12-29T15:37:43 IST" duration-ms="247" status="PASS">
          <reporter-output>
          </reporter-output>
        </test-method> <!-- beforeTest -->
        <test-method signature="addNewUser()[pri:1, instance:com.TelecomProject.TelecomDomainAPI@34e9fd99]" started-at="2024-12-29T15:37:43 IST" name="addNewUser" finished-at="2024-12-29T15:37:46 IST" duration-ms="3308" status="PASS">
          <reporter-output>
          </reporter-output>
        </test-method> <!-- addNewUser -->
        <test-method is-config="true" signature="afterMethod(org.testng.ITestResult)[pri:0, instance:com.TelecomProject.TelecomDomainAPI@34e9fd99]" started-at="2024-12-29T15:37:46 IST" name="afterMethod" finished-at="2024-12-29T15:37:46 IST" duration-ms="15" status="PASS">
          <params>
            <param index="0">
              <value>
                <![CDATA[[TestResult name=addNewUser status=SUCCESS method=TelecomDomainAPI.addNewUser()[pri:1, instance:com.TelecomProject.TelecomDomainAPI@34e9fd99] output={null}]]]>
              </value>
            </param>
          </params>
          <reporter-output>
          </reporter-output>
        </test-method> <!-- afterMethod -->
        <test-method signature="getProfile()[pri:2, instance:com.TelecomProject.TelecomDomainAPI@34e9fd99]" started-at="2024-12-29T15:37:46 IST" name="getProfile" finished-at="2024-12-29T15:37:48 IST" depends-on-methods="com.TelecomProject.TelecomDomainAPI.addNewUser" duration-ms="1173" status="PASS">
          <reporter-output>
          </reporter-output>
        </test-method> <!-- getProfile -->
        <test-method is-config="true" signature="afterMethod(org.testng.ITestResult)[pri:0, instance:com.TelecomProject.TelecomDomainAPI@34e9fd99]" started-at="2024-12-29T15:37:48 IST" name="afterMethod" finished-at="2024-12-29T15:37:48 IST" duration-ms="0" status="PASS">
          <params>
            <param index="0">
              <value>
                <![CDATA[[TestResult name=getProfile status=SUCCESS method=TelecomDomainAPI.getProfile()[pri:2, instance:com.TelecomProject.TelecomDomainAPI@34e9fd99] output={null}]]]>
              </value>
            </param>
          </params>
          <reporter-output>
          </reporter-output>
        </test-method> <!-- afterMethod -->
        <test-method signature="updateUser()[pri:3, instance:com.TelecomProject.TelecomDomainAPI@34e9fd99]" started-at="2024-12-29T15:37:48 IST" name="updateUser" finished-at="2024-12-29T15:37:49 IST" duration-ms="1302" status="PASS">
          <reporter-output>
          </reporter-output>
        </test-method> <!-- updateUser -->
        <test-method is-config="true" signature="afterMethod(org.testng.ITestResult)[pri:0, instance:com.TelecomProject.TelecomDomainAPI@34e9fd99]" started-at="2024-12-29T15:37:49 IST" name="afterMethod" finished-at="2024-12-29T15:37:49 IST" duration-ms="1" status="PASS">
          <params>
            <param index="0">
              <value>
                <![CDATA[[TestResult name=updateUser status=SUCCESS method=TelecomDomainAPI.updateUser()[pri:3, instance:com.TelecomProject.TelecomDomainAPI@34e9fd99] output={null}]]]>
              </value>
            </param>
          </params>
          <reporter-output>
          </reporter-output>
        </test-method> <!-- afterMethod -->
        <test-method signature="loginUser()[pri:4, instance:com.TelecomProject.TelecomDomainAPI@34e9fd99]" started-at="2024-12-29T15:37:49 IST" name="loginUser" finished-at="2024-12-29T15:37:50 IST" duration-ms="1341" status="PASS">
          <reporter-output>
          </reporter-output>
        </test-method> <!-- loginUser -->
        <test-method is-config="true" signature="afterMethod(org.testng.ITestResult)[pri:0, instance:com.TelecomProject.TelecomDomainAPI@34e9fd99]" started-at="2024-12-29T15:37:50 IST" name="afterMethod" finished-at="2024-12-29T15:37:50 IST" duration-ms="2" status="PASS">
          <params>
            <param index="0">
              <value>
                <![CDATA[[TestResult name=loginUser status=SUCCESS method=TelecomDomainAPI.loginUser()[pri:4, instance:com.TelecomProject.TelecomDomainAPI@34e9fd99] output={null}]]]>
              </value>
            </param>
          </params>
          <reporter-output>
          </reporter-output>
        </test-method> <!-- afterMethod -->
        <test-method signature="addContact()[pri:5, instance:com.TelecomProject.TelecomDomainAPI@34e9fd99]" started-at="2024-12-29T15:37:50 IST" name="addContact" finished-at="2024-12-29T15:37:51 IST" duration-ms="1184" status="PASS">
          <reporter-output>
          </reporter-output>
        </test-method> <!-- addContact -->
        <test-method is-config="true" signature="afterMethod(org.testng.ITestResult)[pri:0, instance:com.TelecomProject.TelecomDomainAPI@34e9fd99]" started-at="2024-12-29T15:37:51 IST" name="afterMethod" finished-at="2024-12-29T15:37:51 IST" duration-ms="0" status="PASS">
          <params>
            <param index="0">
              <value>
                <![CDATA[[TestResult name=addContact status=SUCCESS method=TelecomDomainAPI.addContact()[pri:5, instance:com.TelecomProject.TelecomDomainAPI@34e9fd99] output={null}]]]>
              </value>
            </param>
          </params>
          <reporter-output>
          </reporter-output>
        </test-method> <!-- afterMethod -->
        <test-method signature="getContactList()[pri:6, instance:com.TelecomProject.TelecomDomainAPI@34e9fd99]" started-at="2024-12-29T15:37:51 IST" name="getContactList" finished-at="2024-12-29T15:37:53 IST" duration-ms="1148" status="PASS">
          <reporter-output>
          </reporter-output>
        </test-method> <!-- getContactList -->
        <test-method is-config="true" signature="afterMethod(org.testng.ITestResult)[pri:0, instance:com.TelecomProject.TelecomDomainAPI@34e9fd99]" started-at="2024-12-29T15:37:53 IST" name="afterMethod" finished-at="2024-12-29T15:37:53 IST" duration-ms="0" status="PASS">
          <params>
            <param index="0">
              <value>
                <![CDATA[[TestResult name=getContactList status=SUCCESS method=TelecomDomainAPI.getContactList()[pri:6, instance:com.TelecomProject.TelecomDomainAPI@34e9fd99] output={null}]]]>
              </value>
            </param>
          </params>
          <reporter-output>
          </reporter-output>
        </test-method> <!-- afterMethod -->
        <test-method signature="getContact()[pri:7, instance:com.TelecomProject.TelecomDomainAPI@34e9fd99]" started-at="2024-12-29T15:37:53 IST" name="getContact" finished-at="2024-12-29T15:37:54 IST" duration-ms="1579" status="PASS">
          <reporter-output>
          </reporter-output>
        </test-method> <!-- getContact -->
        <test-method is-config="true" signature="afterMethod(org.testng.ITestResult)[pri:0, instance:com.TelecomProject.TelecomDomainAPI@34e9fd99]" started-at="2024-12-29T15:37:54 IST" name="afterMethod" finished-at="2024-12-29T15:37:54 IST" duration-ms="1" status="PASS">
          <params>
            <param index="0">
              <value>
                <![CDATA[[TestResult name=getContact status=SUCCESS method=TelecomDomainAPI.getContact()[pri:7, instance:com.TelecomProject.TelecomDomainAPI@34e9fd99] output={null}]]]>
              </value>
            </param>
          </params>
          <reporter-output>
          </reporter-output>
        </test-method> <!-- afterMethod -->
        <test-method signature="updateContact()[pri:8, instance:com.TelecomProject.TelecomDomainAPI@34e9fd99]" started-at="2024-12-29T15:37:54 IST" name="updateContact" finished-at="2024-12-29T15:37:55 IST" duration-ms="1287" status="PASS">
          <reporter-output>
          </reporter-output>
        </test-method> <!-- updateContact -->
        <test-method is-config="true" signature="afterMethod(org.testng.ITestResult)[pri:0, instance:com.TelecomProject.TelecomDomainAPI@34e9fd99]" started-at="2024-12-29T15:37:55 IST" name="afterMethod" finished-at="2024-12-29T15:37:55 IST" duration-ms="1" status="PASS">
          <params>
            <param index="0">
              <value>
                <![CDATA[[TestResult name=updateContact status=SUCCESS method=TelecomDomainAPI.updateContact()[pri:8, instance:com.TelecomProject.TelecomDomainAPI@34e9fd99] output={null}]]]>
              </value>
            </param>
          </params>
          <reporter-output>
          </reporter-output>
        </test-method> <!-- afterMethod -->
        <test-method signature="updateContactpatch()[pri:9, instance:com.TelecomProject.TelecomDomainAPI@34e9fd99]" started-at="2024-12-29T15:37:55 IST" name="updateContactpatch" finished-at="2024-12-29T15:37:57 IST" duration-ms="1216" status="PASS">
          <reporter-output>
          </reporter-output>
        </test-method> <!-- updateContactpatch -->
        <test-method is-config="true" signature="afterMethod(org.testng.ITestResult)[pri:0, instance:com.TelecomProject.TelecomDomainAPI@34e9fd99]" started-at="2024-12-29T15:37:57 IST" name="afterMethod" finished-at="2024-12-29T15:37:57 IST" duration-ms="2" status="PASS">
          <params>
            <param index="0">
              <value>
                <![CDATA[[TestResult name=updateContactpatch status=SUCCESS method=TelecomDomainAPI.updateContactpatch()[pri:9, instance:com.TelecomProject.TelecomDomainAPI@34e9fd99] output={null}]]]>
              </value>
            </param>
          </params>
          <reporter-output>
          </reporter-output>
        </test-method> <!-- afterMethod -->
        <test-method signature="logoutUser()[pri:10, instance:com.TelecomProject.TelecomDomainAPI@34e9fd99]" started-at="2024-12-29T15:37:57 IST" name="logoutUser" finished-at="2024-12-29T15:37:58 IST" duration-ms="1152" status="PASS">
          <reporter-output>
          </reporter-output>
        </test-method> <!-- logoutUser -->
        <test-method is-config="true" signature="afterMethod(org.testng.ITestResult)[pri:0, instance:com.TelecomProject.TelecomDomainAPI@34e9fd99]" started-at="2024-12-29T15:37:58 IST" name="afterMethod" finished-at="2024-12-29T15:37:58 IST" duration-ms="1" status="PASS">
          <params>
            <param index="0">
              <value>
                <![CDATA[[TestResult name=logoutUser status=SUCCESS method=TelecomDomainAPI.logoutUser()[pri:10, instance:com.TelecomProject.TelecomDomainAPI@34e9fd99] output={null}]]]>
              </value>
            </param>
          </params>
          <reporter-output>
          </reporter-output>
        </test-method> <!-- afterMethod -->
        <test-method is-config="true" signature="afterTest()[pri:0, instance:com.TelecomProject.TelecomDomainAPI@34e9fd99]" started-at="2024-12-29T15:37:58 IST" name="afterTest" finished-at="2024-12-29T15:37:58 IST" duration-ms="300" status="PASS">
          <reporter-output>
          </reporter-output>
        </test-method> <!-- afterTest -->
      </class> <!-- com.TelecomProject.TelecomDomainAPI -->
    </test> <!-- Default test -->
  </suite> <!-- Default suite -->
</testng-results>
